  [1m[36mActiveRecord::SchemaMigration Load (0.6ms)[0m  [1m[34mSELECT "schema_migrations".* FROM "schema_migrations"[0m
  [1m[35m (0.4ms)[0m  [1m[34mSELECT "ar_internal_metadata"."value" FROM "ar_internal_metadata" WHERE "ar_internal_metadata"."key" = $1[0m  [["key", :environment]]
  [1m[36mActiveRecord::SchemaMigration Load (0.1ms)[0m  [1m[34mSELECT "schema_migrations".* FROM "schema_migrations"[0m
  [1m[35m (0.2ms)[0m  [1m[34mSELECT "ar_internal_metadata"."value" FROM "ar_internal_metadata" WHERE "ar_internal_metadata"."key" = $1[0m  [["key", :environment]]
  [1m[36mActiveRecord::SchemaMigration Load (0.2ms)[0m  [1m[34mSELECT "schema_migrations".* FROM "schema_migrations"[0m
  [1m[35m (0.1ms)[0m  [1m[34mSELECT "ar_internal_metadata"."value" FROM "ar_internal_metadata" WHERE "ar_internal_metadata"."key" = $1[0m  [["key", :environment]]
  [1m[35m (315.1ms)[0m  [1m[35mDROP DATABASE IF EXISTS "rails-devise-roles_development"[0m
  [1m[35m (110.0ms)[0m  [1m[35mDROP DATABASE IF EXISTS "rails-devise-roles_test"[0m
  [1m[35m (46.6ms)[0m  [1m[35mCREATE TABLE "schema_migrations" ("version" character varying PRIMARY KEY)[0m
  [1m[35m (33.1ms)[0m  [1m[35mCREATE TABLE "ar_internal_metadata" ("key" character varying PRIMARY KEY, "value" character varying, "created_at" timestamp NOT NULL, "updated_at" timestamp NOT NULL)[0m
  [1m[35m (0.2ms)[0m  [1m[34mSELECT pg_try_advisory_lock(736455138594655620);[0m
  [1m[36mActiveRecord::SchemaMigration Load (0.6ms)[0m  [1m[34mSELECT "schema_migrations".* FROM "schema_migrations"[0m
Migrating to DeviseCreateUsers (20170503044151)
  [1m[35m (0.2ms)[0m  [1m[35mBEGIN[0m
  [1m[35m (25.9ms)[0m  [1m[35mCREATE TABLE "users" ("id" serial primary key, "email" character varying DEFAULT '' NOT NULL, "encrypted_password" character varying DEFAULT '' NOT NULL, "reset_password_token" character varying, "reset_password_sent_at" timestamp, "remember_created_at" timestamp, "sign_in_count" integer DEFAULT 0 NOT NULL, "current_sign_in_at" timestamp, "last_sign_in_at" timestamp, "current_sign_in_ip" inet, "last_sign_in_ip" inet, "created_at" timestamp NOT NULL, "updated_at" timestamp NOT NULL)[0m
  [1m[35m (11.1ms)[0m  [1m[35mCREATE UNIQUE INDEX  "index_users_on_email" ON "users"  ("email")[0m
  [1m[35m (8.6ms)[0m  [1m[35mCREATE UNIQUE INDEX  "index_users_on_reset_password_token" ON "users"  ("reset_password_token")[0m
  [1m[35mSQL (0.4ms)[0m  [1m[32mINSERT INTO "schema_migrations" ("version") VALUES ($1) RETURNING "version"[0m  [["version", "20170503044151"]]
  [1m[35m (7.1ms)[0m  [1m[35mCOMMIT[0m
Migrating to AddNameToUsers (20170503044154)
  [1m[35m (1.1ms)[0m  [1m[35mBEGIN[0m
  [1m[35m (0.4ms)[0m  [1m[35mALTER TABLE "users" ADD "name" character varying[0m
  [1m[35mSQL (1.3ms)[0m  [1m[32mINSERT INTO "schema_migrations" ("version") VALUES ($1) RETURNING "version"[0m  [["version", "20170503044154"]]
  [1m[35m (4.6ms)[0m  [1m[35mCOMMIT[0m
  [1m[36mActiveRecord::InternalMetadata Load (0.3ms)[0m  [1m[34mSELECT  "ar_internal_metadata".* FROM "ar_internal_metadata" WHERE "ar_internal_metadata"."key" = $1 LIMIT $2[0m  [["key", :environment], ["LIMIT", 1]]
  [1m[35m (6.0ms)[0m  [1m[35mBEGIN[0m
  [1m[35mSQL (0.5ms)[0m  [1m[32mINSERT INTO "ar_internal_metadata" ("key", "value", "created_at", "updated_at") VALUES ($1, $2, $3, $4) RETURNING "key"[0m  [["key", "environment"], ["value", "development"], ["created_at", 2017-05-03 04:41:57 UTC], ["updated_at", 2017-05-03 04:41:57 UTC]]
  [1m[35m (5.3ms)[0m  [1m[35mCOMMIT[0m
  [1m[35m (0.5ms)[0m  [1m[34mSELECT pg_advisory_unlock(736455138594655620)[0m
  [1m[36mActiveRecord::SchemaMigration Load (1.2ms)[0m  [1m[34mSELECT "schema_migrations".* FROM "schema_migrations"[0m
  [1m[35m (0.2ms)[0m  [1m[34mSELECT pg_try_advisory_lock(736455138594655620);[0m
  [1m[36mActiveRecord::SchemaMigration Load (0.6ms)[0m  [1m[34mSELECT "schema_migrations".* FROM "schema_migrations"[0m
Migrating to AddRoleToUsers (20170503044159)
  [1m[35m (0.2ms)[0m  [1m[35mBEGIN[0m
  [1m[35m (34.4ms)[0m  [1m[35mALTER TABLE "users" ADD "role" integer[0m
  [1m[35mSQL (0.5ms)[0m  [1m[32mINSERT INTO "schema_migrations" ("version") VALUES ($1) RETURNING "version"[0m  [["version", "20170503044159"]]
  [1m[35m (53.1ms)[0m  [1m[35mCOMMIT[0m
  [1m[36mActiveRecord::InternalMetadata Load (0.4ms)[0m  [1m[34mSELECT  "ar_internal_metadata".* FROM "ar_internal_metadata" WHERE "ar_internal_metadata"."key" = $1 LIMIT $2[0m  [["key", :environment], ["LIMIT", 1]]
  [1m[35m (0.2ms)[0m  [1m[35mBEGIN[0m
  [1m[35m (4.4ms)[0m  [1m[35mCOMMIT[0m
  [1m[35m (0.4ms)[0m  [1m[34mSELECT pg_advisory_unlock(736455138594655620)[0m
  [1m[36mActiveRecord::SchemaMigration Load (2.7ms)[0m  [1m[34mSELECT "schema_migrations".* FROM "schema_migrations"[0m
  [1m[36mActiveRecord::SchemaMigration Load (0.6ms)[0m  [1m[34mSELECT "schema_migrations".* FROM "schema_migrations"[0m
  [1m[36mUser Load (0.5ms)[0m  [1m[34mSELECT  "users".* FROM "users" WHERE "users"."email" = $1 LIMIT $2[0m  [["email", "user@example.com"], ["LIMIT", 1]]
  [1m[35m (0.2ms)[0m  [1m[35mBEGIN[0m
  [1m[36mUser Exists (0.6ms)[0m  [1m[34mSELECT  1 AS one FROM "users" WHERE "users"."email" = $1 LIMIT $2[0m  [["email", "user@example.com"], ["LIMIT", 1]]
  [1m[35mSQL (0.5ms)[0m  [1m[32mINSERT INTO "users" ("email", "encrypted_password", "created_at", "updated_at", "role") VALUES ($1, $2, $3, $4, $5) RETURNING "id"[0m  [["email", "user@example.com"], ["encrypted_password", "$2a$11$d4ryP8XohUJHj/NRmi2JRu.oXY5EKUQLMDX01H4O6uaFkTG7ObDN6"], ["created_at", 2017-05-03 04:42:22 UTC], ["updated_at", 2017-05-03 04:42:22 UTC], ["role", 2]]
  [1m[35m (7.8ms)[0m  [1m[35mCOMMIT[0m
  [1m[35m (0.1ms)[0m  [1m[35mBEGIN[0m
  [1m[35m (0.1ms)[0m  [1m[35mCOMMIT[0m
Started GET "/" for 127.0.0.1 at 2017-05-02 23:44:58 -0500
  [1m[36mActiveRecord::SchemaMigration Load (2.2ms)[0m  [1m[34mSELECT "schema_migrations".* FROM "schema_migrations"[0m
Processing by VisitorsController#index as HTML
  Rendering visitors/index.html.erb within layouts/application
  [1m[35m (5.6ms)[0m  [1m[34mSELECT COUNT(*) FROM "users"[0m
  Rendered visitors/index.html.erb within layouts/application (30.6ms)
  Rendered layouts/_navigation_links.html.erb (1.1ms)
  Rendered layouts/_nav_links_for_auth.html.erb (15.8ms)
  Rendered layouts/_navigation.html.erb (36.9ms)
  Rendered layouts/_messages.html.erb (11.8ms)
Completed 200 OK in 17767ms (Views: 17664.0ms | ActiveRecord: 7.9ms)


Started GET "/users" for 127.0.0.1 at 2017-05-02 23:45:27 -0500
Processing by UsersController#index as HTML
Completed 401 Unauthorized in 1ms (ActiveRecord: 0.0ms)


Started GET "/users/sign_in" for 127.0.0.1 at 2017-05-02 23:45:27 -0500
Processing by Devise::SessionsController#new as HTML
  Rendering devise/sessions/new.html.erb within layouts/application
  Rendered devise/sessions/new.html.erb within layouts/application (81.5ms)
  Rendered layouts/_navigation_links.html.erb (0.4ms)
  Rendered layouts/_nav_links_for_auth.html.erb (0.7ms)
  Rendered layouts/_navigation.html.erb (3.7ms)
  Rendered layouts/_messages.html.erb (0.7ms)
Completed 200 OK in 313ms (Views: 252.5ms | ActiveRecord: 2.8ms)


Started GET "/" for 127.0.0.1 at 2017-05-02 23:46:59 -0500
  [1m[36mActiveRecord::SchemaMigration Load (5.0ms)[0m  [1m[34mSELECT "schema_migrations".* FROM "schema_migrations"[0m
Processing by VisitorsController#index as HTML
  Rendering visitors/index.html.erb within layouts/application
  [1m[35m (8.0ms)[0m  [1m[34mSELECT COUNT(*) FROM "users"[0m
  Rendered visitors/index.html.erb within layouts/application (73.5ms)
  Rendered layouts/_navigation_links.html.erb (0.5ms)
  Rendered layouts/_nav_links_for_auth.html.erb (49.3ms)
  Rendered layouts/_navigation.html.erb (62.6ms)
  Rendered layouts/_messages.html.erb (5.6ms)
Completed 200 OK in 1296ms (Views: 1218.1ms | ActiveRecord: 10.5ms)


Started GET "/users/sign_in" for 127.0.0.1 at 2017-05-02 23:47:03 -0500
Processing by Devise::SessionsController#new as HTML
  Rendering devise/sessions/new.html.erb within layouts/application
  Rendered devise/sessions/new.html.erb within layouts/application (76.6ms)
  Rendered layouts/_navigation_links.html.erb (0.3ms)
  Rendered layouts/_nav_links_for_auth.html.erb (4.6ms)
  Rendered layouts/_navigation.html.erb (10.0ms)
  Rendered layouts/_messages.html.erb (0.5ms)
Completed 200 OK in 306ms (Views: 264.0ms | ActiveRecord: 8.5ms)


Started GET "/users/sign_up" for 127.0.0.1 at 2017-05-02 23:47:42 -0500
Processing by Devise::RegistrationsController#new as HTML
  Rendering devise/registrations/new.html.erb within layouts/application
  Rendered devise/registrations/new.html.erb within layouts/application (3.4ms)
  Rendered layouts/_navigation_links.html.erb (0.4ms)
  Rendered layouts/_nav_links_for_auth.html.erb (1.1ms)
  Rendered layouts/_navigation.html.erb (7.7ms)
  Rendered layouts/_messages.html.erb (0.4ms)
Completed 200 OK in 233ms (Views: 231.7ms | ActiveRecord: 0.0ms)


Started POST "/users" for 127.0.0.1 at 2017-05-02 23:48:06 -0500
Processing by Devise::RegistrationsController#create as HTML
  Parameters: {"utf8"=>"✓", "authenticity_token"=>"BJOMSXIVPl9dCSaXIInRji/tIONfd3rsycUEMyCqsnerAbI5DqGbRWvKl/UKxDDnWRZfp0uiv2ytIOBJakU9HA==", "user"=>{"name"=>"hello", "email"=>"hello123124@gmail.com", "password"=>"[FILTERED]", "password_confirmation"=>"[FILTERED]"}, "commit"=>"Sign up"}
  [1m[35m (0.2ms)[0m  [1m[35mBEGIN[0m
  [1m[36mUser Exists (1.3ms)[0m  [1m[34mSELECT  1 AS one FROM "users" WHERE "users"."email" = $1 LIMIT $2[0m  [["email", "hello123124@gmail.com"], ["LIMIT", 1]]
  [1m[35mSQL (2.2ms)[0m  [1m[32mINSERT INTO "users" ("email", "encrypted_password", "created_at", "updated_at", "name", "role") VALUES ($1, $2, $3, $4, $5, $6) RETURNING "id"[0m  [["email", "hello123124@gmail.com"], ["encrypted_password", "$2a$11$4n341CMpODwlZWbe0OIlP.38jnePDWm/ZEmJvxhD./corLsPby6F6"], ["created_at", 2017-05-03 04:48:06 UTC], ["updated_at", 2017-05-03 04:48:06 UTC], ["name", "hello"], ["role", 0]]
  [1m[35m (5.1ms)[0m  [1m[35mCOMMIT[0m
  [1m[35m (1.7ms)[0m  [1m[35mBEGIN[0m
  [1m[35mSQL (0.5ms)[0m  [1m[33mUPDATE "users" SET "sign_in_count" = $1, "current_sign_in_at" = $2, "last_sign_in_at" = $3, "current_sign_in_ip" = $4, "last_sign_in_ip" = $5, "updated_at" = $6 WHERE "users"."id" = $7[0m  [["sign_in_count", 1], ["current_sign_in_at", 2017-05-03 04:48:06 UTC], ["last_sign_in_at", 2017-05-03 04:48:06 UTC], ["current_sign_in_ip", "127.0.0.1/32"], ["last_sign_in_ip", "127.0.0.1/32"], ["updated_at", 2017-05-03 04:48:06 UTC], ["id", 2]]
  [1m[35m (5.4ms)[0m  [1m[35mCOMMIT[0m
Redirected to http://localhost:3000/users
Completed 302 Found in 647ms (ActiveRecord: 16.3ms)


Started GET "/users" for 127.0.0.1 at 2017-05-02 23:48:07 -0500
Processing by UsersController#index as HTML
  [1m[36mUser Load (1.2ms)[0m  [1m[34mSELECT  "users".* FROM "users" WHERE "users"."id" = $1 ORDER BY "users"."id" ASC LIMIT $2[0m  [["id", 2], ["LIMIT", 1]]
Redirected to http://localhost:3000/
Filter chain halted as :admin_only rendered or redirected
Completed 302 Found in 8ms (ActiveRecord: 1.2ms)


Started GET "/" for 127.0.0.1 at 2017-05-02 23:48:08 -0500
Processing by VisitorsController#index as HTML
  Rendering visitors/index.html.erb within layouts/application
  [1m[35m (0.7ms)[0m  [1m[34mSELECT COUNT(*) FROM "users"[0m
  Rendered visitors/index.html.erb within layouts/application (3.9ms)
  Rendered layouts/_navigation_links.html.erb (0.6ms)
  [1m[36mUser Load (5.0ms)[0m  [1m[34mSELECT  "users".* FROM "users" WHERE "users"."id" = $1 ORDER BY "users"."id" ASC LIMIT $2[0m  [["id", 2], ["LIMIT", 1]]
  Rendered layouts/_nav_links_for_auth.html.erb (12.7ms)
  Rendered layouts/_navigation.html.erb (27.1ms)
  Rendered layouts/_messages.html.erb (3.0ms)
Completed 200 OK in 224ms (Views: 217.7ms | ActiveRecord: 5.7ms)


Started GET "/users/edit" for 127.0.0.1 at 2017-05-02 23:48:16 -0500
Processing by Devise::RegistrationsController#edit as HTML
  [1m[36mUser Load (2.8ms)[0m  [1m[34mSELECT  "users".* FROM "users" WHERE "users"."id" = $1 ORDER BY "users"."id" ASC LIMIT $2[0m  [["id", 2], ["LIMIT", 1]]
  Rendering devise/registrations/edit.html.erb within layouts/application
  Rendered devise/registrations/edit.html.erb within layouts/application (6.9ms)
  Rendered layouts/_navigation_links.html.erb (0.9ms)
  Rendered layouts/_nav_links_for_auth.html.erb (1.0ms)
  Rendered layouts/_navigation.html.erb (13.6ms)
  Rendered layouts/_messages.html.erb (0.8ms)
Completed 200 OK in 266ms (Views: 261.1ms | ActiveRecord: 2.8ms)


Started GET "/" for 127.0.0.1 at 2017-05-02 23:48:24 -0500
Processing by VisitorsController#index as HTML
  Rendering visitors/index.html.erb within layouts/application
  [1m[35m (4.4ms)[0m  [1m[34mSELECT COUNT(*) FROM "users"[0m
  Rendered visitors/index.html.erb within layouts/application (6.5ms)
  Rendered layouts/_navigation_links.html.erb (0.9ms)
  [1m[36mUser Load (2.4ms)[0m  [1m[34mSELECT  "users".* FROM "users" WHERE "users"."id" = $1 ORDER BY "users"."id" ASC LIMIT $2[0m  [["id", 2], ["LIMIT", 1]]
  Rendered layouts/_nav_links_for_auth.html.erb (7.9ms)
  Rendered layouts/_navigation.html.erb (21.1ms)
  Rendered layouts/_messages.html.erb (1.3ms)
Completed 200 OK in 472ms (Views: 463.8ms | ActiveRecord: 6.8ms)


Started GET "/users" for 127.0.0.1 at 2017-05-02 23:48:26 -0500
Processing by UsersController#index as HTML
  [1m[36mUser Load (0.7ms)[0m  [1m[34mSELECT  "users".* FROM "users" WHERE "users"."id" = $1 ORDER BY "users"."id" ASC LIMIT $2[0m  [["id", 2], ["LIMIT", 1]]
Redirected to http://localhost:3000/
Filter chain halted as :admin_only rendered or redirected
Completed 302 Found in 8ms (ActiveRecord: 0.7ms)


Started GET "/" for 127.0.0.1 at 2017-05-02 23:48:26 -0500
Processing by VisitorsController#index as HTML
  Rendering visitors/index.html.erb within layouts/application
  [1m[35m (0.5ms)[0m  [1m[34mSELECT COUNT(*) FROM "users"[0m
  Rendered visitors/index.html.erb within layouts/application (5.5ms)
  Rendered layouts/_navigation_links.html.erb (0.4ms)
  [1m[36mUser Load (4.0ms)[0m  [1m[34mSELECT  "users".* FROM "users" WHERE "users"."id" = $1 ORDER BY "users"."id" ASC LIMIT $2[0m  [["id", 2], ["LIMIT", 1]]
  Rendered layouts/_nav_links_for_auth.html.erb (6.0ms)
  Rendered layouts/_navigation.html.erb (10.2ms)
  Rendered layouts/_messages.html.erb (0.5ms)
Completed 200 OK in 214ms (Views: 208.4ms | ActiveRecord: 4.5ms)


Started GET "/pages/about" for 127.0.0.1 at 2017-05-02 23:48:28 -0500
Processing by HighVoltage::PagesController#show as HTML
  Parameters: {"id"=>"about"}
  Rendering pages/about.html.erb within layouts/application
  Rendered pages/about.html.erb within layouts/application (0.8ms)
  Rendered layouts/_navigation_links.html.erb (0.5ms)
  [1m[36mUser Load (2.4ms)[0m  [1m[34mSELECT  "users".* FROM "users" WHERE "users"."id" = $1 ORDER BY "users"."id" ASC LIMIT $2[0m  [["id", 2], ["LIMIT", 1]]
  Rendered layouts/_nav_links_for_auth.html.erb (4.3ms)
  Rendered layouts/_navigation.html.erb (11.0ms)
  Rendered layouts/_messages.html.erb (0.5ms)
Completed 200 OK in 250ms (Views: 246.7ms | ActiveRecord: 2.4ms)


Started GET "/users/edit" for 127.0.0.1 at 2017-05-02 23:48:36 -0500
Processing by Devise::RegistrationsController#edit as HTML
  [1m[36mUser Load (3.4ms)[0m  [1m[34mSELECT  "users".* FROM "users" WHERE "users"."id" = $1 ORDER BY "users"."id" ASC LIMIT $2[0m  [["id", 2], ["LIMIT", 1]]
  Rendering devise/registrations/edit.html.erb within layouts/application
  Rendered devise/registrations/edit.html.erb within layouts/application (7.0ms)
  Rendered layouts/_navigation_links.html.erb (0.8ms)
  Rendered layouts/_nav_links_for_auth.html.erb (0.9ms)
  Rendered layouts/_navigation.html.erb (13.4ms)
  Rendered layouts/_messages.html.erb (0.6ms)
Completed 200 OK in 173ms (Views: 168.1ms | ActiveRecord: 3.4ms)


Started DELETE "/users/sign_out" for 127.0.0.1 at 2017-05-02 23:48:39 -0500
Processing by Devise::SessionsController#destroy as HTML
  Parameters: {"authenticity_token"=>"Ja1/h2fljVCLPTRfj9Cgt1vVm7WH16WAZ2NzXdqjDAxQSDpIAaOH5n+ooEss2WASi6jT6y5TJg1MKPcKEWvyCw=="}
  [1m[36mUser Load (0.8ms)[0m  [1m[34mSELECT  "users".* FROM "users" WHERE "users"."id" = $1 ORDER BY "users"."id" ASC LIMIT $2[0m  [["id", 2], ["LIMIT", 1]]
  [1m[35m (0.3ms)[0m  [1m[35mBEGIN[0m
  [1m[35m (0.2ms)[0m  [1m[35mCOMMIT[0m
Redirected to http://localhost:3000/
Completed 302 Found in 75ms (ActiveRecord: 1.4ms)


Started GET "/" for 127.0.0.1 at 2017-05-02 23:48:39 -0500
Processing by VisitorsController#index as HTML
  Rendering visitors/index.html.erb within layouts/application
  [1m[35m (2.0ms)[0m  [1m[34mSELECT COUNT(*) FROM "users"[0m
  Rendered visitors/index.html.erb within layouts/application (10.2ms)
  Rendered layouts/_navigation_links.html.erb (0.5ms)
  Rendered layouts/_nav_links_for_auth.html.erb (1.1ms)
  Rendered layouts/_navigation.html.erb (10.2ms)
  Rendered layouts/_messages.html.erb (0.5ms)
Completed 200 OK in 242ms (Views: 237.5ms | ActiveRecord: 2.0ms)


